<?xml version="1.0" encoding="UTF-8"?>
<!-- Generated by org.testng.reporters.JUnitReportReporter -->
<testsuite hostname="DESKTOP-EM2EMIA" failures="0" tests="1" name="package1.day4Test" time="7.957" errors="0" timestamp="2024-09-05T20:23:59 IST" skipped="0">
  <testcase classname="package1.day4Test" name="verifyCompareFunc" time="7.957"/>
</testsuite> <!-- package1.day4Test -->
