<?xml version="1.0" encoding="UTF-8"?>
<!-- Generated by org.testng.reporters.JUnitReportReporter -->
<testsuite hostname="DESKTOP-EM2EMIA" failures="0" tests="1" name="package1.day5Test" time="33.701" errors="0" timestamp="2024-09-07T18:04:42 IST" skipped="0">
  <testcase classname="package1.day5Test" name="verifyAccountCreation" time="33.701"/>
</testsuite> <!-- package1.day5Test -->
